{
  "C:/domains/RollingScopes/src/pages/AboutUs.tsx": {
    "path": "C:/domains/RollingScopes/src/pages/AboutUs.tsx",
    "statementMap": {
      "0": {
        "start": {
          "line": 5,
          "column": 0
        },
        "end": {
          "line": 15,
          "column": 1
        }
      },
      "1": {
        "start": {
          "line": 6,
          "column": 2
        },
        "end": {
          "line": 8,
          "column": 3
        }
      },
      "2": {
        "start": {
          "line": 7,
          "column": 4
        },
        "end": {
          "line": 7,
          "column": 165
        }
      },
      "3": {
        "start": {
          "line": 9,
          "column": 2
        },
        "end": {
          "line": 9,
          "column": 39
        }
      },
      "4": {
        "start": {
          "line": 10,
          "column": 2
        },
        "end": {
          "line": 10,
          "column": 39
        }
      },
      "5": {
        "start": {
          "line": 11,
          "column": 2
        },
        "end": {
          "line": 13,
          "column": 4
        }
      },
      "6": {
        "start": {
          "line": 12,
          "column": 4
        },
        "end": {
          "line": 12,
          "column": 90
        }
      },
      "7": {
        "start": {
          "line": 14,
          "column": 2
        },
        "end": {
          "line": 14,
          "column": 75
        }
      },
      "8": {
        "start": {
          "line": 16,
          "column": 16
        },
        "end": {
          "line": 33,
          "column": 1
        }
      },
      "9": {
        "start": {
          "line": 17,
          "column": 2
        },
        "end": {
          "line": 32,
          "column": 11
        }
      },
      "10": {
        "start": {
          "line": 34,
          "column": 0
        },
        "end": {
          "line": 34,
          "column": 13
        }
      },
      "11": {
        "start": {
          "line": 37,
          "column": 0
        },
        "end": {
          "line": 37,
          "column": 28
        }
      },
      "12": {
        "start": {
          "line": 38,
          "column": 0
        },
        "end": {
          "line": 54,
          "column": 1
        }
      },
      "13": {
        "start": {
          "line": 39,
          "column": 2
        },
        "end": {
          "line": 39,
          "column": 39
        }
      },
      "14": {
        "start": {
          "line": 40,
          "column": 2
        },
        "end": {
          "line": 40,
          "column": 39
        }
      },
      "15": {
        "start": {
          "line": 41,
          "column": 2
        },
        "end": {
          "line": 53,
          "column": 5
        }
      },
      "16": {
        "start": {
          "line": 45,
          "column": 4
        },
        "end": {
          "line": 45,
          "column": 116
        }
      },
      "17": {
        "start": {
          "line": 46,
          "column": 4
        },
        "end": {
          "line": 52,
          "column": 7
        }
      },
      "18": {
        "start": {
          "line": 47,
          "column": 6
        },
        "end": {
          "line": 48,
          "column": 15
        }
      },
      "19": {
        "start": {
          "line": 48,
          "column": 8
        },
        "end": {
          "line": 48,
          "column": 15
        }
      },
      "20": {
        "start": {
          "line": 49,
          "column": 32
        },
        "end": {
          "line": 49,
          "column": 115
        }
      },
      "21": {
        "start": {
          "line": 50,
          "column": 6
        },
        "end": {
          "line": 51,
          "column": 54
        }
      },
      "22": {
        "start": {
          "line": 51,
          "column": 8
        },
        "end": {
          "line": 51,
          "column": 54
        }
      }
    },
    "fnMap": {
      "0": {
        "name": "(anonymous_0)",
        "decl": {
          "start": {
            "line": 11,
            "column": 24
          },
          "end": {
            "line": 11,
            "column": 25
          }
        },
        "loc": {
          "start": {
            "line": 11,
            "column": 38
          },
          "end": {
            "line": 13,
            "column": 3
          }
        },
        "line": 11
      },
      "1": {
        "name": "(anonymous_1)",
        "decl": {
          "start": {
            "line": 16,
            "column": 16
          },
          "end": {
            "line": 16,
            "column": 17
          }
        },
        "loc": {
          "start": {
            "line": 16,
            "column": 22
          },
          "end": {
            "line": 33,
            "column": 1
          }
        },
        "line": 16
      },
      "2": {
        "name": "(anonymous_2)",
        "decl": {
          "start": {
            "line": 44,
            "column": 9
          },
          "end": {
            "line": 44,
            "column": 10
          }
        },
        "loc": {
          "start": {
            "line": 44,
            "column": 29
          },
          "end": {
            "line": 53,
            "column": 3
          }
        },
        "line": 44
      },
      "3": {
        "name": "(anonymous_3)",
        "decl": {
          "start": {
            "line": 46,
            "column": 27
          },
          "end": {
            "line": 46,
            "column": 28
          }
        },
        "loc": {
          "start": {
            "line": 46,
            "column": 44
          },
          "end": {
            "line": 52,
            "column": 5
          }
        },
        "line": 46
      }
    },
    "branchMap": {
      "0": {
        "loc": {
          "start": {
            "line": 5,
            "column": 0
          },
          "end": {
            "line": 15,
            "column": 1
          }
        },
        "type": "if",
        "locations": [
          {
            "start": {
              "line": 5,
              "column": 0
            },
            "end": {
              "line": 15,
              "column": 1
            }
          },
          {
            "start": {},
            "end": {}
          }
        ],
        "line": 5
      },
      "1": {
        "loc": {
          "start": {
            "line": 6,
            "column": 2
          },
          "end": {
            "line": 8,
            "column": 3
          }
        },
        "type": "if",
        "locations": [
          {
            "start": {
              "line": 6,
              "column": 2
            },
            "end": {
              "line": 8,
              "column": 3
            }
          },
          {
            "start": {},
            "end": {}
          }
        ],
        "line": 6
      },
      "2": {
        "loc": {
          "start": {
            "line": 38,
            "column": 0
          },
          "end": {
            "line": 54,
            "column": 1
          }
        },
        "type": "if",
        "locations": [
          {
            "start": {
              "line": 38,
              "column": 0
            },
            "end": {
              "line": 54,
              "column": 1
            }
          },
          {
            "start": {},
            "end": {}
          }
        ],
        "line": 38
      },
      "3": {
        "loc": {
          "start": {
            "line": 47,
            "column": 6
          },
          "end": {
            "line": 48,
            "column": 15
          }
        },
        "type": "if",
        "locations": [
          {
            "start": {
              "line": 47,
              "column": 6
            },
            "end": {
              "line": 48,
              "column": 15
            }
          },
          {
            "start": {},
            "end": {}
          }
        ],
        "line": 47
      },
      "4": {
        "loc": {
          "start": {
            "line": 50,
            "column": 6
          },
          "end": {
            "line": 51,
            "column": 54
          }
        },
        "type": "if",
        "locations": [
          {
            "start": {
              "line": 50,
              "column": 6
            },
            "end": {
              "line": 51,
              "column": 54
            }
          },
          {
            "start": {},
            "end": {}
          }
        ],
        "line": 50
      }
    },
    "s": {
      "0": 16,
      "1": 16,
      "2": 0,
      "3": 16,
      "4": 16,
      "5": 16,
      "6": 16,
      "7": 16,
      "8": 16,
      "9": 3,
      "10": 16,
      "11": 16,
      "12": 16,
      "13": 16,
      "14": 16,
      "15": 16,
      "16": 10,
      "17": 10,
      "18": 0,
      "19": 0,
      "20": 0,
      "21": 0,
      "22": 0
    },
    "f": {
      "0": 16,
      "1": 3,
      "2": 10,
      "3": 0
    },
    "b": {
      "0": [
        16,
        0
      ],
      "1": [
        0,
        16
      ],
      "2": [
        16,
        0
      ],
      "3": [
        0,
        0
      ],
      "4": [
        0,
        0
      ]
    },
    "inputSourceMap": {
      "version": 3,
      "mappings": "AAKM;AALN,OAAOA,oBAAmB;AAAO;AAAA;AAAA;AAAA;AAAA;AAAA;AAAA;AAAA;AAAA;AAAA;AAAA;AAAA;AAAA;AAEjC,MAAMC,UAAcA,MAAmB;AACrC,SACE,uBAAC,SAAI,WAAW,aACd;AAAA,2BAAC,QAAG,wBAAJ;AAAA;AAAA;AAAA;AAAA,WAAY;AAAA,IACZ,uBAAC,OAAE,gvBAAH;AAAA;AAAA;AAAA;AAAA,WAUA;AAAA,OAZF;AAAA;AAAA;AAAA;AAAA,SAaA;AAEJ;AAAEC,KAjBID;AAmBN,eAAeA;AAAQ;AAAAE",
      "names": [
        "React",
        "AboutUs",
        "_c",
        "$RefreshReg$"
      ],
      "sources": [
        "C:/domains/RollingScopes/src/pages/AboutUs.tsx"
      ],
      "file": "C:/domains/RollingScopes/src/pages/AboutUs.tsx"
    },
    "_coverageSchema": "1a1c01bbd47fc00a2c39e90264f33305004495a9",
    "hash": "6201e16f26d737391b81425a8032810eb1787868"
  },
  "C:/domains/RollingScopes/src/pages/NotFound.tsx": {
    "path": "C:/domains/RollingScopes/src/pages/NotFound.tsx",
    "statementMap": {
      "0": {
        "start": {
          "line": 5,
          "column": 0
        },
        "end": {
          "line": 15,
          "column": 1
        }
      },
      "1": {
        "start": {
          "line": 6,
          "column": 2
        },
        "end": {
          "line": 8,
          "column": 3
        }
      },
      "2": {
        "start": {
          "line": 7,
          "column": 4
        },
        "end": {
          "line": 7,
          "column": 165
        }
      },
      "3": {
        "start": {
          "line": 9,
          "column": 2
        },
        "end": {
          "line": 9,
          "column": 39
        }
      },
      "4": {
        "start": {
          "line": 10,
          "column": 2
        },
        "end": {
          "line": 10,
          "column": 39
        }
      },
      "5": {
        "start": {
          "line": 11,
          "column": 2
        },
        "end": {
          "line": 13,
          "column": 4
        }
      },
      "6": {
        "start": {
          "line": 12,
          "column": 4
        },
        "end": {
          "line": 12,
          "column": 91
        }
      },
      "7": {
        "start": {
          "line": 14,
          "column": 2
        },
        "end": {
          "line": 14,
          "column": 75
        }
      },
      "8": {
        "start": {
          "line": 16,
          "column": 17
        },
        "end": {
          "line": 26,
          "column": 1
        }
      },
      "9": {
        "start": {
          "line": 17,
          "column": 2
        },
        "end": {
          "line": 25,
          "column": 11
        }
      },
      "10": {
        "start": {
          "line": 27,
          "column": 0
        },
        "end": {
          "line": 27,
          "column": 14
        }
      },
      "11": {
        "start": {
          "line": 30,
          "column": 0
        },
        "end": {
          "line": 30,
          "column": 29
        }
      },
      "12": {
        "start": {
          "line": 31,
          "column": 0
        },
        "end": {
          "line": 47,
          "column": 1
        }
      },
      "13": {
        "start": {
          "line": 32,
          "column": 2
        },
        "end": {
          "line": 32,
          "column": 39
        }
      },
      "14": {
        "start": {
          "line": 33,
          "column": 2
        },
        "end": {
          "line": 33,
          "column": 39
        }
      },
      "15": {
        "start": {
          "line": 34,
          "column": 2
        },
        "end": {
          "line": 46,
          "column": 5
        }
      },
      "16": {
        "start": {
          "line": 38,
          "column": 4
        },
        "end": {
          "line": 38,
          "column": 117
        }
      },
      "17": {
        "start": {
          "line": 39,
          "column": 4
        },
        "end": {
          "line": 45,
          "column": 7
        }
      },
      "18": {
        "start": {
          "line": 40,
          "column": 6
        },
        "end": {
          "line": 41,
          "column": 15
        }
      },
      "19": {
        "start": {
          "line": 41,
          "column": 8
        },
        "end": {
          "line": 41,
          "column": 15
        }
      },
      "20": {
        "start": {
          "line": 42,
          "column": 32
        },
        "end": {
          "line": 42,
          "column": 115
        }
      },
      "21": {
        "start": {
          "line": 43,
          "column": 6
        },
        "end": {
          "line": 44,
          "column": 54
        }
      },
      "22": {
        "start": {
          "line": 44,
          "column": 8
        },
        "end": {
          "line": 44,
          "column": 54
        }
      }
    },
    "fnMap": {
      "0": {
        "name": "(anonymous_0)",
        "decl": {
          "start": {
            "line": 11,
            "column": 24
          },
          "end": {
            "line": 11,
            "column": 25
          }
        },
        "loc": {
          "start": {
            "line": 11,
            "column": 38
          },
          "end": {
            "line": 13,
            "column": 3
          }
        },
        "line": 11
      },
      "1": {
        "name": "(anonymous_1)",
        "decl": {
          "start": {
            "line": 16,
            "column": 17
          },
          "end": {
            "line": 16,
            "column": 18
          }
        },
        "loc": {
          "start": {
            "line": 16,
            "column": 23
          },
          "end": {
            "line": 26,
            "column": 1
          }
        },
        "line": 16
      },
      "2": {
        "name": "(anonymous_2)",
        "decl": {
          "start": {
            "line": 37,
            "column": 9
          },
          "end": {
            "line": 37,
            "column": 10
          }
        },
        "loc": {
          "start": {
            "line": 37,
            "column": 29
          },
          "end": {
            "line": 46,
            "column": 3
          }
        },
        "line": 37
      },
      "3": {
        "name": "(anonymous_3)",
        "decl": {
          "start": {
            "line": 39,
            "column": 27
          },
          "end": {
            "line": 39,
            "column": 28
          }
        },
        "loc": {
          "start": {
            "line": 39,
            "column": 44
          },
          "end": {
            "line": 45,
            "column": 5
          }
        },
        "line": 39
      }
    },
    "branchMap": {
      "0": {
        "loc": {
          "start": {
            "line": 5,
            "column": 0
          },
          "end": {
            "line": 15,
            "column": 1
          }
        },
        "type": "if",
        "locations": [
          {
            "start": {
              "line": 5,
              "column": 0
            },
            "end": {
              "line": 15,
              "column": 1
            }
          },
          {
            "start": {},
            "end": {}
          }
        ],
        "line": 5
      },
      "1": {
        "loc": {
          "start": {
            "line": 6,
            "column": 2
          },
          "end": {
            "line": 8,
            "column": 3
          }
        },
        "type": "if",
        "locations": [
          {
            "start": {
              "line": 6,
              "column": 2
            },
            "end": {
              "line": 8,
              "column": 3
            }
          },
          {
            "start": {},
            "end": {}
          }
        ],
        "line": 6
      },
      "2": {
        "loc": {
          "start": {
            "line": 31,
            "column": 0
          },
          "end": {
            "line": 47,
            "column": 1
          }
        },
        "type": "if",
        "locations": [
          {
            "start": {
              "line": 31,
              "column": 0
            },
            "end": {
              "line": 47,
              "column": 1
            }
          },
          {
            "start": {},
            "end": {}
          }
        ],
        "line": 31
      },
      "3": {
        "loc": {
          "start": {
            "line": 40,
            "column": 6
          },
          "end": {
            "line": 41,
            "column": 15
          }
        },
        "type": "if",
        "locations": [
          {
            "start": {
              "line": 40,
              "column": 6
            },
            "end": {
              "line": 41,
              "column": 15
            }
          },
          {
            "start": {},
            "end": {}
          }
        ],
        "line": 40
      },
      "4": {
        "loc": {
          "start": {
            "line": 43,
            "column": 6
          },
          "end": {
            "line": 44,
            "column": 54
          }
        },
        "type": "if",
        "locations": [
          {
            "start": {
              "line": 43,
              "column": 6
            },
            "end": {
              "line": 44,
              "column": 54
            }
          },
          {
            "start": {},
            "end": {}
          }
        ],
        "line": 43
      }
    },
    "s": {
      "0": 16,
      "1": 16,
      "2": 0,
      "3": 16,
      "4": 16,
      "5": 16,
      "6": 16,
      "7": 16,
      "8": 16,
      "9": 1,
      "10": 16,
      "11": 16,
      "12": 16,
      "13": 16,
      "14": 16,
      "15": 16,
      "16": 10,
      "17": 10,
      "18": 0,
      "19": 0,
      "20": 0,
      "21": 0,
      "22": 0
    },
    "f": {
      "0": 16,
      "1": 1,
      "2": 10,
      "3": 0
    },
    "b": {
      "0": [
        16,
        0
      ],
      "1": [
        0,
        16
      ],
      "2": [
        16,
        0
      ],
      "3": [
        0,
        0
      ],
      "4": [
        0,
        0
      ]
    },
    "inputSourceMap": {
      "version": 3,
      "mappings": "AAKM;AALN,OAAOA,oBAAmB;AAAO;AAAA;AAAA;AAAA;AAAA;AAAA;AAAA;AAAA;AAAA;AAAA;AAAA;AAAA;AAAA;AAEjC,MAAMC,WAAeA,MAAmB;AACtC,SACE,uBAAC,SAAI,WAAW,aACd,iCAAC,QAAG,oCAAJ;AAAA;AAAA;AAAA;AAAA,SAAwB,KAD1B;AAAA;AAAA;AAAA;AAAA,SAEA;AAEJ;AAAEC,KANID;AAQN,eAAeA;AAAS;AAAAE",
      "names": [
        "React",
        "NotFound",
        "_c",
        "$RefreshReg$"
      ],
      "sources": [
        "C:/domains/RollingScopes/src/pages/NotFound.tsx"
      ],
      "file": "C:/domains/RollingScopes/src/pages/NotFound.tsx"
    },
    "_coverageSchema": "1a1c01bbd47fc00a2c39e90264f33305004495a9",
    "hash": "d2abca5ccec032803a68bc8f269415faed75a298"
  },
  "C:/domains/RollingScopes/src/redux/searchSlice.ts": {
    "path": "C:/domains/RollingScopes/src/redux/searchSlice.ts",
    "statementMap": {
      "0": {
        "start": {
          "line": 2,
          "column": 21
        },
        "end": {
          "line": 4,
          "column": 1
        }
      },
      "1": {
        "start": {
          "line": 5,
          "column": 27
        },
        "end": {
          "line": 13,
          "column": 2
        }
      },
      "2": {
        "start": {
          "line": 10,
          "column": 6
        },
        "end": {
          "line": 10,
          "column": 35
        }
      },
      "3": {
        "start": {
          "line": 14,
          "column": 28
        },
        "end": {
          "line": 14,
          "column": 47
        }
      }
    },
    "fnMap": {
      "0": {
        "name": "(anonymous_0)",
        "decl": {
          "start": {
            "line": 9,
            "column": 4
          },
          "end": {
            "line": 9,
            "column": 5
          }
        },
        "loc": {
          "start": {
            "line": 9,
            "column": 28
          },
          "end": {
            "line": 11,
            "column": 5
          }
        },
        "line": 9
      }
    },
    "branchMap": {},
    "s": {
      "0": 16,
      "1": 16,
      "2": 6,
      "3": 16
    },
    "f": {
      "0": 6
    },
    "b": {},
    "inputSourceMap": {
      "version": 3,
      "sources": [
        "C:/domains/RollingScopes/src/redux/searchSlice.ts"
      ],
      "mappings": "AAAA,SAAS,mBAAmB;AAO5B,MAAM,eAA4B;AAAA,EAChC,OAAO;AACT;AAEO,aAAM,cAAc,YAAY;AAAA,EACrC,MAAM;AAAA,EACN;AAAA,EACA,UAAU;AAAA,IACR,SAAS,OAAO,QAA+B;AAC7C,YAAM,QAAQ,OAAO;AAAA,IACvB;AAAA,EACF;AACF,CAAC;AAEM,aAAM,EAAE,SAAS,IAAI,YAAY;AACxC,eAAe,YAAY;",
      "names": []
    },
    "_coverageSchema": "1a1c01bbd47fc00a2c39e90264f33305004495a9",
    "hash": "1dee3ca7eaea4766cfab3014bf575b39d02fbc1b"
  },
  "C:/domains/RollingScopes/src/components/SearchBar.tsx": {
    "path": "C:/domains/RollingScopes/src/components/SearchBar.tsx",
    "statementMap": {
      "0": {
        "start": {
          "line": 5,
          "column": 0
        },
        "end": {
          "line": 15,
          "column": 1
        }
      },
      "1": {
        "start": {
          "line": 6,
          "column": 2
        },
        "end": {
          "line": 8,
          "column": 3
        }
      },
      "2": {
        "start": {
          "line": 7,
          "column": 4
        },
        "end": {
          "line": 7,
          "column": 165
        }
      },
      "3": {
        "start": {
          "line": 9,
          "column": 2
        },
        "end": {
          "line": 9,
          "column": 39
        }
      },
      "4": {
        "start": {
          "line": 10,
          "column": 2
        },
        "end": {
          "line": 10,
          "column": 39
        }
      },
      "5": {
        "start": {
          "line": 11,
          "column": 2
        },
        "end": {
          "line": 13,
          "column": 4
        }
      },
      "6": {
        "start": {
          "line": 12,
          "column": 4
        },
        "end": {
          "line": 12,
          "column": 97
        }
      },
      "7": {
        "start": {
          "line": 14,
          "column": 2
        },
        "end": {
          "line": 14,
          "column": 75
        }
      },
      "8": {
        "start": {
          "line": 16,
          "column": 9
        },
        "end": {
          "line": 16,
          "column": 23
        }
      },
      "9": {
        "start": {
          "line": 20,
          "column": 18
        },
        "end": {
          "line": 50,
          "column": 1
        }
      },
      "10": {
        "start": {
          "line": 21,
          "column": 2
        },
        "end": {
          "line": 21,
          "column": 7
        }
      },
      "11": {
        "start": {
          "line": 22,
          "column": 22
        },
        "end": {
          "line": 22,
          "column": 64
        }
      },
      "12": {
        "start": {
          "line": 22,
          "column": 45
        },
        "end": {
          "line": 22,
          "column": 63
        }
      },
      "13": {
        "start": {
          "line": 23,
          "column": 19
        },
        "end": {
          "line": 23,
          "column": 32
        }
      },
      "14": {
        "start": {
          "line": 24,
          "column": 21
        },
        "end": {
          "line": 28,
          "column": 3
        }
      },
      "15": {
        "start": {
          "line": 25,
          "column": 4
        },
        "end": {
          "line": 27,
          "column": 5
        }
      },
      "16": {
        "start": {
          "line": 26,
          "column": 6
        },
        "end": {
          "line": 26,
          "column": 24
        }
      },
      "17": {
        "start": {
          "line": 29,
          "column": 15
        },
        "end": {
          "line": 31,
          "column": 3
        }
      },
      "18": {
        "start": {
          "line": 30,
          "column": 4
        },
        "end": {
          "line": 30,
          "column": 46
        }
      },
      "19": {
        "start": {
          "line": 32,
          "column": 2
        },
        "end": {
          "line": 49,
          "column": 11
        }
      },
      "20": {
        "start": {
          "line": 38,
          "column": 153
        },
        "end": {
          "line": 38,
          "column": 194
        }
      },
      "21": {
        "start": {
          "line": 39,
          "column": 6
        },
        "end": {
          "line": 39,
          "column": 24
        }
      },
      "22": {
        "start": {
          "line": 51,
          "column": 0
        },
        "end": {
          "line": 53,
          "column": 3
        }
      },
      "23": {
        "start": {
          "line": 52,
          "column": 2
        },
        "end": {
          "line": 52,
          "column": 36
        }
      },
      "24": {
        "start": {
          "line": 54,
          "column": 0
        },
        "end": {
          "line": 54,
          "column": 15
        }
      },
      "25": {
        "start": {
          "line": 57,
          "column": 0
        },
        "end": {
          "line": 57,
          "column": 30
        }
      },
      "26": {
        "start": {
          "line": 58,
          "column": 0
        },
        "end": {
          "line": 74,
          "column": 1
        }
      },
      "27": {
        "start": {
          "line": 59,
          "column": 2
        },
        "end": {
          "line": 59,
          "column": 39
        }
      },
      "28": {
        "start": {
          "line": 60,
          "column": 2
        },
        "end": {
          "line": 60,
          "column": 39
        }
      },
      "29": {
        "start": {
          "line": 61,
          "column": 2
        },
        "end": {
          "line": 73,
          "column": 5
        }
      },
      "30": {
        "start": {
          "line": 65,
          "column": 4
        },
        "end": {
          "line": 65,
          "column": 123
        }
      },
      "31": {
        "start": {
          "line": 66,
          "column": 4
        },
        "end": {
          "line": 72,
          "column": 7
        }
      },
      "32": {
        "start": {
          "line": 67,
          "column": 6
        },
        "end": {
          "line": 68,
          "column": 15
        }
      },
      "33": {
        "start": {
          "line": 68,
          "column": 8
        },
        "end": {
          "line": 68,
          "column": 15
        }
      },
      "34": {
        "start": {
          "line": 69,
          "column": 32
        },
        "end": {
          "line": 69,
          "column": 115
        }
      },
      "35": {
        "start": {
          "line": 70,
          "column": 6
        },
        "end": {
          "line": 71,
          "column": 54
        }
      },
      "36": {
        "start": {
          "line": 71,
          "column": 8
        },
        "end": {
          "line": 71,
          "column": 54
        }
      }
    },
    "fnMap": {
      "0": {
        "name": "(anonymous_0)",
        "decl": {
          "start": {
            "line": 11,
            "column": 24
          },
          "end": {
            "line": 11,
            "column": 25
          }
        },
        "loc": {
          "start": {
            "line": 11,
            "column": 38
          },
          "end": {
            "line": 13,
            "column": 3
          }
        },
        "line": 11
      },
      "1": {
        "name": "(anonymous_1)",
        "decl": {
          "start": {
            "line": 20,
            "column": 18
          },
          "end": {
            "line": 20,
            "column": 19
          }
        },
        "loc": {
          "start": {
            "line": 20,
            "column": 29
          },
          "end": {
            "line": 50,
            "column": 1
          }
        },
        "line": 20
      },
      "2": {
        "name": "(anonymous_2)",
        "decl": {
          "start": {
            "line": 22,
            "column": 34
          },
          "end": {
            "line": 22,
            "column": 35
          }
        },
        "loc": {
          "start": {
            "line": 22,
            "column": 45
          },
          "end": {
            "line": 22,
            "column": 63
          }
        },
        "line": 22
      },
      "3": {
        "name": "(anonymous_3)",
        "decl": {
          "start": {
            "line": 24,
            "column": 21
          },
          "end": {
            "line": 24,
            "column": 22
          }
        },
        "loc": {
          "start": {
            "line": 24,
            "column": 28
          },
          "end": {
            "line": 28,
            "column": 3
          }
        },
        "line": 24
      },
      "4": {
        "name": "(anonymous_4)",
        "decl": {
          "start": {
            "line": 29,
            "column": 15
          },
          "end": {
            "line": 29,
            "column": 16
          }
        },
        "loc": {
          "start": {
            "line": 29,
            "column": 26
          },
          "end": {
            "line": 31,
            "column": 3
          }
        },
        "line": 29
      },
      "5": {
        "name": "(anonymous_5)",
        "decl": {
          "start": {
            "line": 38,
            "column": 146
          },
          "end": {
            "line": 38,
            "column": 147
          }
        },
        "loc": {
          "start": {
            "line": 38,
            "column": 153
          },
          "end": {
            "line": 38,
            "column": 194
          }
        },
        "line": 38
      },
      "6": {
        "name": "(anonymous_6)",
        "decl": {
          "start": {
            "line": 38,
            "column": 207
          },
          "end": {
            "line": 38,
            "column": 208
          }
        },
        "loc": {
          "start": {
            "line": 38,
            "column": 218
          },
          "end": {
            "line": 40,
            "column": 5
          }
        },
        "line": 38
      },
      "7": {
        "name": "(anonymous_7)",
        "decl": {
          "start": {
            "line": 51,
            "column": 53
          },
          "end": {
            "line": 51,
            "column": 54
          }
        },
        "loc": {
          "start": {
            "line": 51,
            "column": 64
          },
          "end": {
            "line": 53,
            "column": 1
          }
        },
        "line": 51
      },
      "8": {
        "name": "(anonymous_8)",
        "decl": {
          "start": {
            "line": 64,
            "column": 9
          },
          "end": {
            "line": 64,
            "column": 10
          }
        },
        "loc": {
          "start": {
            "line": 64,
            "column": 29
          },
          "end": {
            "line": 73,
            "column": 3
          }
        },
        "line": 64
      },
      "9": {
        "name": "(anonymous_9)",
        "decl": {
          "start": {
            "line": 66,
            "column": 27
          },
          "end": {
            "line": 66,
            "column": 28
          }
        },
        "loc": {
          "start": {
            "line": 66,
            "column": 44
          },
          "end": {
            "line": 72,
            "column": 5
          }
        },
        "line": 66
      }
    },
    "branchMap": {
      "0": {
        "loc": {
          "start": {
            "line": 5,
            "column": 0
          },
          "end": {
            "line": 15,
            "column": 1
          }
        },
        "type": "if",
        "locations": [
          {
            "start": {
              "line": 5,
              "column": 0
            },
            "end": {
              "line": 15,
              "column": 1
            }
          },
          {
            "start": {},
            "end": {}
          }
        ],
        "line": 5
      },
      "1": {
        "loc": {
          "start": {
            "line": 6,
            "column": 2
          },
          "end": {
            "line": 8,
            "column": 3
          }
        },
        "type": "if",
        "locations": [
          {
            "start": {
              "line": 6,
              "column": 2
            },
            "end": {
              "line": 8,
              "column": 3
            }
          },
          {
            "start": {},
            "end": {}
          }
        ],
        "line": 6
      },
      "2": {
        "loc": {
          "start": {
            "line": 25,
            "column": 4
          },
          "end": {
            "line": 27,
            "column": 5
          }
        },
        "type": "if",
        "locations": [
          {
            "start": {
              "line": 25,
              "column": 4
            },
            "end": {
              "line": 27,
              "column": 5
            }
          },
          {
            "start": {},
            "end": {}
          }
        ],
        "line": 25
      },
      "3": {
        "loc": {
          "start": {
            "line": 30,
            "column": 4
          },
          "end": {
            "line": 30,
            "column": 45
          }
        },
        "type": "binary-expr",
        "locations": [
          {
            "start": {
              "line": 30,
              "column": 4
            },
            "end": {
              "line": 30,
              "column": 19
            }
          },
          {
            "start": {
              "line": 30,
              "column": 23
            },
            "end": {
              "line": 30,
              "column": 45
            }
          }
        ],
        "line": 30
      },
      "4": {
        "loc": {
          "start": {
            "line": 58,
            "column": 0
          },
          "end": {
            "line": 74,
            "column": 1
          }
        },
        "type": "if",
        "locations": [
          {
            "start": {
              "line": 58,
              "column": 0
            },
            "end": {
              "line": 74,
              "column": 1
            }
          },
          {
            "start": {},
            "end": {}
          }
        ],
        "line": 58
      },
      "5": {
        "loc": {
          "start": {
            "line": 67,
            "column": 6
          },
          "end": {
            "line": 68,
            "column": 15
          }
        },
        "type": "if",
        "locations": [
          {
            "start": {
              "line": 67,
              "column": 6
            },
            "end": {
              "line": 68,
              "column": 15
            }
          },
          {
            "start": {},
            "end": {}
          }
        ],
        "line": 67
      },
      "6": {
        "loc": {
          "start": {
            "line": 70,
            "column": 6
          },
          "end": {
            "line": 71,
            "column": 54
          }
        },
        "type": "if",
        "locations": [
          {
            "start": {
              "line": 70,
              "column": 6
            },
            "end": {
              "line": 71,
              "column": 54
            }
          },
          {
            "start": {},
            "end": {}
          }
        ],
        "line": 70
      }
    },
    "s": {
      "0": 16,
      "1": 16,
      "2": 0,
      "3": 16,
      "4": 16,
      "5": 16,
      "6": 16,
      "7": 16,
      "8": 16,
      "9": 16,
      "10": 22,
      "11": 22,
      "12": 43,
      "13": 22,
      "14": 22,
      "15": 7,
      "16": 1,
      "17": 22,
      "18": 1,
      "19": 22,
      "20": 6,
      "21": 7,
      "22": 16,
      "23": 8,
      "24": 16,
      "25": 16,
      "26": 16,
      "27": 16,
      "28": 16,
      "29": 16,
      "30": 10,
      "31": 10,
      "32": 0,
      "33": 0,
      "34": 0,
      "35": 0,
      "36": 0
    },
    "f": {
      "0": 16,
      "1": 22,
      "2": 43,
      "3": 7,
      "4": 1,
      "5": 6,
      "6": 7,
      "7": 8,
      "8": 10,
      "9": 0
    },
    "b": {
      "0": [
        16,
        0
      ],
      "1": [
        0,
        16
      ],
      "2": [
        1,
        6
      ],
      "3": [
        1,
        1
      ],
      "4": [
        16,
        0
      ],
      "5": [
        0,
        0
      ],
      "6": [
        0,
        0
      ]
    },
    "inputSourceMap": {
      "version": 3,
      "mappings": "AA0BM;;;;;;;;;;;;;;;;AAzBN,OAAOA,QAAQ;AACf,SAASC,aAAaC,mBAAmB;AAEzC,SAASC,gBAAgB;AAMzB,MAAMC,YAAYA,CAACC,UAAiB;AAAAC;AAClC,QAAMC,cAAcL,YAAY,CAACM,UAAqBA,MAAMC,OAAOC,KAAK;AACxE,QAAMC,WAAWV,YAAW;AAE5B,QAAMW,aAAaA,CAACC,MAA2B;AAC7C,QAAIA,EAAEC,OAAO,SAAS;AACpBC,WAAKR,WAAW;AAAA,IAClB;AAAA,EACF;AAEA,QAAMQ,OAAOA,CAACC,UAAkB;AAC9BX,UAAMY,aAAaZ,MAAMY,UAAUD,KAAK;AAAA,EAC1C;AAEA,SACE,uBAAC,SAAI,WAAWhB,GAAGkB,WACjB;AAAA,2BAAC,WAAM,SAAQ,aAAY,QAAQ,MAAM,yBAAzC;AAAA;AAAA;AAAA;AAAA,WAEA;AAAA,IACA,uBAAC,WACC,IAAI,aACJ,WAAWlB,GAAGmB,OACd,OAAOZ,aACP,aAAa,aACb,MAAK,QACL,UAAWM,OAAMF,SAASR,SAASU,EAAEO,cAAcV,KAAK,CAAC,GACzD,WAAYW,WAAU;AACpBT,iBAAWS,KAAK;AAAA,IAClB,KATF;AAAA;AAAA;AAAA;AAAA,WASI;AAAA,OAbN;AAAA;AAAA;AAAA;AAAA,SAeA;AAEJ;AAAEf,GAhCIF,WAAS;AAAA,UACOF,aACHD,WAAW;AAAA;AAAAqB,KAFxBlB;AAkCN,eAAeA;AAAU;AAAAmB",
      "names": [
        "cl",
        "useDispatch",
        "useSelector",
        "setValue",
        "SearchBar",
        "props",
        "_s",
        "searchValue",
        "state",
        "search",
        "value",
        "dispatch",
        "keyHandler",
        "e",
        "key",
        "find",
        "query",
        "findQuery",
        "container",
        "input",
        "currentTarget",
        "event",
        "_c",
        "$RefreshReg$"
      ],
      "sources": [
        "C:/domains/RollingScopes/src/components/SearchBar.tsx"
      ],
      "file": "C:/domains/RollingScopes/src/components/SearchBar.tsx"
    },
    "_coverageSchema": "1a1c01bbd47fc00a2c39e90264f33305004495a9",
    "hash": "86f8728104eda8f96879e8003579609ebdc6e256"
  },
  "C:/domains/RollingScopes/src/components/CharacterItem.tsx": {
    "path": "C:/domains/RollingScopes/src/components/CharacterItem.tsx",
    "statementMap": {
      "0": {
        "start": {
          "line": 5,
          "column": 0
        },
        "end": {
          "line": 15,
          "column": 1
        }
      },
      "1": {
        "start": {
          "line": 6,
          "column": 2
        },
        "end": {
          "line": 8,
          "column": 3
        }
      },
      "2": {
        "start": {
          "line": 7,
          "column": 4
        },
        "end": {
          "line": 7,
          "column": 165
        }
      },
      "3": {
        "start": {
          "line": 9,
          "column": 2
        },
        "end": {
          "line": 9,
          "column": 39
        }
      },
      "4": {
        "start": {
          "line": 10,
          "column": 2
        },
        "end": {
          "line": 10,
          "column": 39
        }
      },
      "5": {
        "start": {
          "line": 11,
          "column": 2
        },
        "end": {
          "line": 13,
          "column": 4
        }
      },
      "6": {
        "start": {
          "line": 12,
          "column": 4
        },
        "end": {
          "line": 12,
          "column": 101
        }
      },
      "7": {
        "start": {
          "line": 14,
          "column": 2
        },
        "end": {
          "line": 14,
          "column": 75
        }
      },
      "8": {
        "start": {
          "line": 18,
          "column": 2
        },
        "end": {
          "line": 43,
          "column": 11
        }
      },
      "9": {
        "start": {
          "line": 19,
          "column": 4
        },
        "end": {
          "line": 19,
          "column": 43
        }
      },
      "10": {
        "start": {
          "line": 45,
          "column": 0
        },
        "end": {
          "line": 45,
          "column": 19
        }
      },
      "11": {
        "start": {
          "line": 48,
          "column": 0
        },
        "end": {
          "line": 48,
          "column": 34
        }
      },
      "12": {
        "start": {
          "line": 49,
          "column": 0
        },
        "end": {
          "line": 65,
          "column": 1
        }
      },
      "13": {
        "start": {
          "line": 50,
          "column": 2
        },
        "end": {
          "line": 50,
          "column": 39
        }
      },
      "14": {
        "start": {
          "line": 51,
          "column": 2
        },
        "end": {
          "line": 51,
          "column": 39
        }
      },
      "15": {
        "start": {
          "line": 52,
          "column": 2
        },
        "end": {
          "line": 64,
          "column": 5
        }
      },
      "16": {
        "start": {
          "line": 56,
          "column": 4
        },
        "end": {
          "line": 56,
          "column": 127
        }
      },
      "17": {
        "start": {
          "line": 57,
          "column": 4
        },
        "end": {
          "line": 63,
          "column": 7
        }
      },
      "18": {
        "start": {
          "line": 58,
          "column": 6
        },
        "end": {
          "line": 59,
          "column": 15
        }
      },
      "19": {
        "start": {
          "line": 59,
          "column": 8
        },
        "end": {
          "line": 59,
          "column": 15
        }
      },
      "20": {
        "start": {
          "line": 60,
          "column": 32
        },
        "end": {
          "line": 60,
          "column": 115
        }
      },
      "21": {
        "start": {
          "line": 61,
          "column": 6
        },
        "end": {
          "line": 62,
          "column": 54
        }
      },
      "22": {
        "start": {
          "line": 62,
          "column": 8
        },
        "end": {
          "line": 62,
          "column": 54
        }
      }
    },
    "fnMap": {
      "0": {
        "name": "(anonymous_0)",
        "decl": {
          "start": {
            "line": 11,
            "column": 24
          },
          "end": {
            "line": 11,
            "column": 25
          }
        },
        "loc": {
          "start": {
            "line": 11,
            "column": 38
          },
          "end": {
            "line": 13,
            "column": 3
          }
        },
        "line": 11
      },
      "1": {
        "name": "CharacterItem",
        "decl": {
          "start": {
            "line": 17,
            "column": 9
          },
          "end": {
            "line": 17,
            "column": 22
          }
        },
        "loc": {
          "start": {
            "line": 17,
            "column": 30
          },
          "end": {
            "line": 44,
            "column": 1
          }
        },
        "line": 17
      },
      "2": {
        "name": "(anonymous_2)",
        "decl": {
          "start": {
            "line": 18,
            "column": 70
          },
          "end": {
            "line": 18,
            "column": 71
          }
        },
        "loc": {
          "start": {
            "line": 18,
            "column": 76
          },
          "end": {
            "line": 20,
            "column": 3
          }
        },
        "line": 18
      },
      "3": {
        "name": "(anonymous_3)",
        "decl": {
          "start": {
            "line": 55,
            "column": 9
          },
          "end": {
            "line": 55,
            "column": 10
          }
        },
        "loc": {
          "start": {
            "line": 55,
            "column": 29
          },
          "end": {
            "line": 64,
            "column": 3
          }
        },
        "line": 55
      },
      "4": {
        "name": "(anonymous_4)",
        "decl": {
          "start": {
            "line": 57,
            "column": 27
          },
          "end": {
            "line": 57,
            "column": 28
          }
        },
        "loc": {
          "start": {
            "line": 57,
            "column": 44
          },
          "end": {
            "line": 63,
            "column": 5
          }
        },
        "line": 57
      }
    },
    "branchMap": {
      "0": {
        "loc": {
          "start": {
            "line": 5,
            "column": 0
          },
          "end": {
            "line": 15,
            "column": 1
          }
        },
        "type": "if",
        "locations": [
          {
            "start": {
              "line": 5,
              "column": 0
            },
            "end": {
              "line": 15,
              "column": 1
            }
          },
          {
            "start": {},
            "end": {}
          }
        ],
        "line": 5
      },
      "1": {
        "loc": {
          "start": {
            "line": 6,
            "column": 2
          },
          "end": {
            "line": 8,
            "column": 3
          }
        },
        "type": "if",
        "locations": [
          {
            "start": {
              "line": 6,
              "column": 2
            },
            "end": {
              "line": 8,
              "column": 3
            }
          },
          {
            "start": {},
            "end": {}
          }
        ],
        "line": 6
      },
      "2": {
        "loc": {
          "start": {
            "line": 19,
            "column": 23
          },
          "end": {
            "line": 19,
            "column": 41
          }
        },
        "type": "binary-expr",
        "locations": [
          {
            "start": {
              "line": 19,
              "column": 23
            },
            "end": {
              "line": 19,
              "column": 36
            }
          },
          {
            "start": {
              "line": 19,
              "column": 40
            },
            "end": {
              "line": 19,
              "column": 41
            }
          }
        ],
        "line": 19
      },
      "3": {
        "loc": {
          "start": {
            "line": 21,
            "column": 4
          },
          "end": {
            "line": 25,
            "column": 12
          }
        },
        "type": "binary-expr",
        "locations": [
          {
            "start": {
              "line": 21,
              "column": 4
            },
            "end": {
              "line": 21,
              "column": 20
            }
          },
          {
            "start": {
              "line": 21,
              "column": 40
            },
            "end": {
              "line": 25,
              "column": 12
            }
          }
        ],
        "line": 21
      },
      "4": {
        "loc": {
          "start": {
            "line": 49,
            "column": 0
          },
          "end": {
            "line": 65,
            "column": 1
          }
        },
        "type": "if",
        "locations": [
          {
            "start": {
              "line": 49,
              "column": 0
            },
            "end": {
              "line": 65,
              "column": 1
            }
          },
          {
            "start": {},
            "end": {}
          }
        ],
        "line": 49
      },
      "5": {
        "loc": {
          "start": {
            "line": 58,
            "column": 6
          },
          "end": {
            "line": 59,
            "column": 15
          }
        },
        "type": "if",
        "locations": [
          {
            "start": {
              "line": 58,
              "column": 6
            },
            "end": {
              "line": 59,
              "column": 15
            }
          },
          {
            "start": {},
            "end": {}
          }
        ],
        "line": 58
      },
      "6": {
        "loc": {
          "start": {
            "line": 61,
            "column": 6
          },
          "end": {
            "line": 62,
            "column": 54
          }
        },
        "type": "if",
        "locations": [
          {
            "start": {
              "line": 61,
              "column": 6
            },
            "end": {
              "line": 62,
              "column": 54
            }
          },
          {
            "start": {},
            "end": {}
          }
        ],
        "line": 61
      }
    },
    "s": {
      "0": 16,
      "1": 16,
      "2": 0,
      "3": 16,
      "4": 16,
      "5": 16,
      "6": 16,
      "7": 16,
      "8": 422,
      "9": 1,
      "10": 16,
      "11": 16,
      "12": 16,
      "13": 16,
      "14": 16,
      "15": 16,
      "16": 10,
      "17": 10,
      "18": 0,
      "19": 0,
      "20": 0,
      "21": 0,
      "22": 0
    },
    "f": {
      "0": 16,
      "1": 422,
      "2": 1,
      "3": 10,
      "4": 0
    },
    "b": {
      "0": [
        16,
        0
      ],
      "1": [
        0,
        16
      ],
      "2": [
        1,
        0
      ],
      "3": [
        422,
        422
      ],
      "4": [
        16,
        0
      ],
      "5": [
        0,
        0
      ],
      "6": [
        0,
        0
      ]
    },
    "inputSourceMap": {
      "version": 3,
      "mappings": "AA0C2B;AA1C3B,OAAOA,oBAAkB;AAAA;AAAA;AAAA;AAAA;AAAA;AAAA;AAAA;AAAA;AAAA;AAAA;AAAA;AAAA;AAAA;AACzB,OAAOC,QAAQ;AAiCf,SAASC,cAAcC,OAA2B;AAChD,SACE,uBAAC,SACC,WAAWF,GAAGG,MACd,SAAS,MAAM;AACbD,UAAME,aAAaF,MAAMC,KAAKE,MAAM,CAAC;AAAA,EACvC,GAECH;AAAAA,UAAMC,KAAKG,SAAS,uBAAC,SAAI,WAAWN,GAAGO,KAAK,KAAKL,MAAMC,KAAKG,OAAO,KAAI,gBAAnD;AAAA;AAAA;AAAA;AAAA,WAA+D;AAAA,IACpF,uBAAC,SAAI,WAAWN,GAAGQ,aACjB,iCAAC,SAAI,WAAWR,GAAGS,QACjB,iCAAC,QAAIP,gBAAMC,KAAKO,QAAhB;AAAA;AAAA;AAAA;AAAA,WAAqB,KADvB;AAAA;AAAA;AAAA;AAAA,WAEA,KAHF;AAAA;AAAA;AAAA;AAAA,WAIA;AAAA,OAXF;AAAA;AAAA;AAAA;AAAA,SAYA;AAEJ;AAACC,KAhBQV;AAkBT,eAAeA;AAAc;AAAAW",
      "names": [
        "React",
        "cl",
        "CharacterItem",
        "props",
        "card",
        "showFullCard",
        "id",
        "image",
        "img",
        "textContent",
        "header",
        "name",
        "_c",
        "$RefreshReg$"
      ],
      "sources": [
        "C:/domains/RollingScopes/src/components/CharacterItem.tsx"
      ],
      "file": "C:/domains/RollingScopes/src/components/CharacterItem.tsx"
    },
    "_coverageSchema": "1a1c01bbd47fc00a2c39e90264f33305004495a9",
    "hash": "ab0685f0de85bedb0f5c0d4c196288f1127ee3a2"
  },
  "C:/domains/RollingScopes/src/components/CharactersList.tsx": {
    "path": "C:/domains/RollingScopes/src/components/CharactersList.tsx",
    "statementMap": {
      "0": {
        "start": {
          "line": 5,
          "column": 0
        },
        "end": {
          "line": 15,
          "column": 1
        }
      },
      "1": {
        "start": {
          "line": 6,
          "column": 2
        },
        "end": {
          "line": 8,
          "column": 3
        }
      },
      "2": {
        "start": {
          "line": 7,
          "column": 4
        },
        "end": {
          "line": 7,
          "column": 165
        }
      },
      "3": {
        "start": {
          "line": 9,
          "column": 2
        },
        "end": {
          "line": 9,
          "column": 39
        }
      },
      "4": {
        "start": {
          "line": 10,
          "column": 2
        },
        "end": {
          "line": 10,
          "column": 39
        }
      },
      "5": {
        "start": {
          "line": 11,
          "column": 2
        },
        "end": {
          "line": 13,
          "column": 4
        }
      },
      "6": {
        "start": {
          "line": 12,
          "column": 4
        },
        "end": {
          "line": 12,
          "column": 102
        }
      },
      "7": {
        "start": {
          "line": 14,
          "column": 2
        },
        "end": {
          "line": 14,
          "column": 75
        }
      },
      "8": {
        "start": {
          "line": 19,
          "column": 2
        },
        "end": {
          "line": 31,
          "column": 11
        }
      },
      "9": {
        "start": {
          "line": 19,
          "column": 185
        },
        "end": {
          "line": 23,
          "column": 10
        }
      },
      "10": {
        "start": {
          "line": 33,
          "column": 0
        },
        "end": {
          "line": 33,
          "column": 19
        }
      },
      "11": {
        "start": {
          "line": 36,
          "column": 0
        },
        "end": {
          "line": 36,
          "column": 34
        }
      },
      "12": {
        "start": {
          "line": 37,
          "column": 0
        },
        "end": {
          "line": 53,
          "column": 1
        }
      },
      "13": {
        "start": {
          "line": 38,
          "column": 2
        },
        "end": {
          "line": 38,
          "column": 39
        }
      },
      "14": {
        "start": {
          "line": 39,
          "column": 2
        },
        "end": {
          "line": 39,
          "column": 39
        }
      },
      "15": {
        "start": {
          "line": 40,
          "column": 2
        },
        "end": {
          "line": 52,
          "column": 5
        }
      },
      "16": {
        "start": {
          "line": 44,
          "column": 4
        },
        "end": {
          "line": 44,
          "column": 128
        }
      },
      "17": {
        "start": {
          "line": 45,
          "column": 4
        },
        "end": {
          "line": 51,
          "column": 7
        }
      },
      "18": {
        "start": {
          "line": 46,
          "column": 6
        },
        "end": {
          "line": 47,
          "column": 15
        }
      },
      "19": {
        "start": {
          "line": 47,
          "column": 8
        },
        "end": {
          "line": 47,
          "column": 15
        }
      },
      "20": {
        "start": {
          "line": 48,
          "column": 32
        },
        "end": {
          "line": 48,
          "column": 115
        }
      },
      "21": {
        "start": {
          "line": 49,
          "column": 6
        },
        "end": {
          "line": 50,
          "column": 54
        }
      },
      "22": {
        "start": {
          "line": 50,
          "column": 8
        },
        "end": {
          "line": 50,
          "column": 54
        }
      }
    },
    "fnMap": {
      "0": {
        "name": "(anonymous_0)",
        "decl": {
          "start": {
            "line": 11,
            "column": 24
          },
          "end": {
            "line": 11,
            "column": 25
          }
        },
        "loc": {
          "start": {
            "line": 11,
            "column": 38
          },
          "end": {
            "line": 13,
            "column": 3
          }
        },
        "line": 11
      },
      "1": {
        "name": "CharacterList",
        "decl": {
          "start": {
            "line": 18,
            "column": 9
          },
          "end": {
            "line": 18,
            "column": 22
          }
        },
        "loc": {
          "start": {
            "line": 18,
            "column": 30
          },
          "end": {
            "line": 32,
            "column": 1
          }
        },
        "line": 18
      },
      "2": {
        "name": "(anonymous_2)",
        "decl": {
          "start": {
            "line": 19,
            "column": 159
          },
          "end": {
            "line": 19,
            "column": 160
          }
        },
        "loc": {
          "start": {
            "line": 19,
            "column": 185
          },
          "end": {
            "line": 23,
            "column": 10
          }
        },
        "line": 19
      },
      "3": {
        "name": "(anonymous_3)",
        "decl": {
          "start": {
            "line": 43,
            "column": 9
          },
          "end": {
            "line": 43,
            "column": 10
          }
        },
        "loc": {
          "start": {
            "line": 43,
            "column": 29
          },
          "end": {
            "line": 52,
            "column": 3
          }
        },
        "line": 43
      },
      "4": {
        "name": "(anonymous_4)",
        "decl": {
          "start": {
            "line": 45,
            "column": 27
          },
          "end": {
            "line": 45,
            "column": 28
          }
        },
        "loc": {
          "start": {
            "line": 45,
            "column": 44
          },
          "end": {
            "line": 51,
            "column": 5
          }
        },
        "line": 45
      }
    },
    "branchMap": {
      "0": {
        "loc": {
          "start": {
            "line": 5,
            "column": 0
          },
          "end": {
            "line": 15,
            "column": 1
          }
        },
        "type": "if",
        "locations": [
          {
            "start": {
              "line": 5,
              "column": 0
            },
            "end": {
              "line": 15,
              "column": 1
            }
          },
          {
            "start": {},
            "end": {}
          }
        ],
        "line": 5
      },
      "1": {
        "loc": {
          "start": {
            "line": 6,
            "column": 2
          },
          "end": {
            "line": 8,
            "column": 3
          }
        },
        "type": "if",
        "locations": [
          {
            "start": {
              "line": 6,
              "column": 2
            },
            "end": {
              "line": 8,
              "column": 3
            }
          },
          {
            "start": {},
            "end": {}
          }
        ],
        "line": 6
      },
      "2": {
        "loc": {
          "start": {
            "line": 37,
            "column": 0
          },
          "end": {
            "line": 53,
            "column": 1
          }
        },
        "type": "if",
        "locations": [
          {
            "start": {
              "line": 37,
              "column": 0
            },
            "end": {
              "line": 53,
              "column": 1
            }
          },
          {
            "start": {},
            "end": {}
          }
        ],
        "line": 37
      },
      "3": {
        "loc": {
          "start": {
            "line": 46,
            "column": 6
          },
          "end": {
            "line": 47,
            "column": 15
          }
        },
        "type": "if",
        "locations": [
          {
            "start": {
              "line": 46,
              "column": 6
            },
            "end": {
              "line": 47,
              "column": 15
            }
          },
          {
            "start": {},
            "end": {}
          }
        ],
        "line": 46
      },
      "4": {
        "loc": {
          "start": {
            "line": 49,
            "column": 6
          },
          "end": {
            "line": 50,
            "column": 54
          }
        },
        "type": "if",
        "locations": [
          {
            "start": {
              "line": 49,
              "column": 6
            },
            "end": {
              "line": 50,
              "column": 54
            }
          },
          {
            "start": {},
            "end": {}
          }
        ],
        "line": 49
      }
    },
    "s": {
      "0": 16,
      "1": 16,
      "2": 0,
      "3": 16,
      "4": 16,
      "5": 16,
      "6": 16,
      "7": 16,
      "8": 22,
      "9": 422,
      "10": 16,
      "11": 16,
      "12": 16,
      "13": 16,
      "14": 16,
      "15": 16,
      "16": 10,
      "17": 10,
      "18": 0,
      "19": 0,
      "20": 0,
      "21": 0,
      "22": 0
    },
    "f": {
      "0": 16,
      "1": 22,
      "2": 422,
      "3": 10,
      "4": 0
    },
    "b": {
      "0": [
        16,
        0
      ],
      "1": [
        0,
        16
      ],
      "2": [
        16,
        0
      ],
      "3": [
        0,
        0
      ],
      "4": [
        0,
        0
      ]
    },
    "inputSourceMap": {
      "version": 3,
      "mappings": "AAcU;AAdV,OAAOA,oBAAkB;AAAA;AAAA;AAAA;AAAA;AAAA;AAAA;AAAA;AAAA;AAAA;AAAA;AAAA;AAAA;AAAA;AACzB,OAAOC,QAAQ;AACf,OAAOC,mBAAsC;AAO7C,SAASC,cAAcC,OAA2B;AAChD,SACE,uBAAC,SAAI,WAAWH,GAAGI,WACjB,iCAAC,SAAI,WAAWJ,GAAGK,UAChBF,gBAAMG,OAAOC,IAAKC,UACjB,uBAAC,iBAAc,MAA0B,cAAcL,MAAMM,gBAA7BD,KAAKE,IAArC;AAAA;AAAA;AAAA;AAAA,SAA0E,CAC3E,KAHH;AAAA;AAAA;AAAA;AAAA,SAIA,KALF;AAAA;AAAA;AAAA;AAAA,SAMA;AAEJ;AAACC,KAVQT;AAYT,eAAeA;AAAc;AAAAU",
      "names": [
        "React",
        "cl",
        "CharacterItem",
        "CharacterList",
        "props",
        "container",
        "cardList",
        "cards",
        "map",
        "card",
        "showFullCard",
        "id",
        "_c",
        "$RefreshReg$"
      ],
      "sources": [
        "C:/domains/RollingScopes/src/components/CharactersList.tsx"
      ],
      "file": "C:/domains/RollingScopes/src/components/CharactersList.tsx"
    },
    "_coverageSchema": "1a1c01bbd47fc00a2c39e90264f33305004495a9",
    "hash": "07680339e3c25fc42862cfd8ff660e5c7d1edb5d"
  },
  "C:/domains/RollingScopes/src/components/MyModal.tsx": {
    "path": "C:/domains/RollingScopes/src/components/MyModal.tsx",
    "statementMap": {
      "0": {
        "start": {
          "line": 5,
          "column": 0
        },
        "end": {
          "line": 15,
          "column": 1
        }
      },
      "1": {
        "start": {
          "line": 6,
          "column": 2
        },
        "end": {
          "line": 8,
          "column": 3
        }
      },
      "2": {
        "start": {
          "line": 7,
          "column": 4
        },
        "end": {
          "line": 7,
          "column": 165
        }
      },
      "3": {
        "start": {
          "line": 9,
          "column": 2
        },
        "end": {
          "line": 9,
          "column": 39
        }
      },
      "4": {
        "start": {
          "line": 10,
          "column": 2
        },
        "end": {
          "line": 10,
          "column": 39
        }
      },
      "5": {
        "start": {
          "line": 11,
          "column": 2
        },
        "end": {
          "line": 13,
          "column": 4
        }
      },
      "6": {
        "start": {
          "line": 12,
          "column": 4
        },
        "end": {
          "line": 12,
          "column": 95
        }
      },
      "7": {
        "start": {
          "line": 14,
          "column": 2
        },
        "end": {
          "line": 14,
          "column": 75
        }
      },
      "8": {
        "start": {
          "line": 17,
          "column": 16
        },
        "end": {
          "line": 48,
          "column": 1
        }
      },
      "9": {
        "start": {
          "line": 24,
          "column": 2
        },
        "end": {
          "line": 47,
          "column": 11
        }
      },
      "10": {
        "start": {
          "line": 25,
          "column": 4
        },
        "end": {
          "line": 25,
          "column": 25
        }
      },
      "11": {
        "start": {
          "line": 27,
          "column": 4
        },
        "end": {
          "line": 27,
          "column": 24
        }
      },
      "12": {
        "start": {
          "line": 49,
          "column": 0
        },
        "end": {
          "line": 49,
          "column": 13
        }
      },
      "13": {
        "start": {
          "line": 52,
          "column": 0
        },
        "end": {
          "line": 52,
          "column": 28
        }
      },
      "14": {
        "start": {
          "line": 53,
          "column": 0
        },
        "end": {
          "line": 69,
          "column": 1
        }
      },
      "15": {
        "start": {
          "line": 54,
          "column": 2
        },
        "end": {
          "line": 54,
          "column": 39
        }
      },
      "16": {
        "start": {
          "line": 55,
          "column": 2
        },
        "end": {
          "line": 55,
          "column": 39
        }
      },
      "17": {
        "start": {
          "line": 56,
          "column": 2
        },
        "end": {
          "line": 68,
          "column": 5
        }
      },
      "18": {
        "start": {
          "line": 60,
          "column": 4
        },
        "end": {
          "line": 60,
          "column": 121
        }
      },
      "19": {
        "start": {
          "line": 61,
          "column": 4
        },
        "end": {
          "line": 67,
          "column": 7
        }
      },
      "20": {
        "start": {
          "line": 62,
          "column": 6
        },
        "end": {
          "line": 63,
          "column": 15
        }
      },
      "21": {
        "start": {
          "line": 63,
          "column": 8
        },
        "end": {
          "line": 63,
          "column": 15
        }
      },
      "22": {
        "start": {
          "line": 64,
          "column": 32
        },
        "end": {
          "line": 64,
          "column": 115
        }
      },
      "23": {
        "start": {
          "line": 65,
          "column": 6
        },
        "end": {
          "line": 66,
          "column": 54
        }
      },
      "24": {
        "start": {
          "line": 66,
          "column": 8
        },
        "end": {
          "line": 66,
          "column": 54
        }
      }
    },
    "fnMap": {
      "0": {
        "name": "(anonymous_0)",
        "decl": {
          "start": {
            "line": 11,
            "column": 24
          },
          "end": {
            "line": 11,
            "column": 25
          }
        },
        "loc": {
          "start": {
            "line": 11,
            "column": 38
          },
          "end": {
            "line": 13,
            "column": 3
          }
        },
        "line": 11
      },
      "1": {
        "name": "(anonymous_1)",
        "decl": {
          "start": {
            "line": 17,
            "column": 16
          },
          "end": {
            "line": 17,
            "column": 17
          }
        },
        "loc": {
          "start": {
            "line": 23,
            "column": 6
          },
          "end": {
            "line": 48,
            "column": 1
          }
        },
        "line": 23
      },
      "2": {
        "name": "(anonymous_2)",
        "decl": {
          "start": {
            "line": 24,
            "column": 50
          },
          "end": {
            "line": 24,
            "column": 51
          }
        },
        "loc": {
          "start": {
            "line": 24,
            "column": 56
          },
          "end": {
            "line": 26,
            "column": 3
          }
        },
        "line": 24
      },
      "3": {
        "name": "(anonymous_3)",
        "decl": {
          "start": {
            "line": 26,
            "column": 160
          },
          "end": {
            "line": 26,
            "column": 161
          }
        },
        "loc": {
          "start": {
            "line": 26,
            "column": 167
          },
          "end": {
            "line": 28,
            "column": 3
          }
        },
        "line": 26
      },
      "4": {
        "name": "(anonymous_4)",
        "decl": {
          "start": {
            "line": 59,
            "column": 9
          },
          "end": {
            "line": 59,
            "column": 10
          }
        },
        "loc": {
          "start": {
            "line": 59,
            "column": 29
          },
          "end": {
            "line": 68,
            "column": 3
          }
        },
        "line": 59
      },
      "5": {
        "name": "(anonymous_5)",
        "decl": {
          "start": {
            "line": 61,
            "column": 27
          },
          "end": {
            "line": 61,
            "column": 28
          }
        },
        "loc": {
          "start": {
            "line": 61,
            "column": 44
          },
          "end": {
            "line": 67,
            "column": 5
          }
        },
        "line": 61
      }
    },
    "branchMap": {
      "0": {
        "loc": {
          "start": {
            "line": 5,
            "column": 0
          },
          "end": {
            "line": 15,
            "column": 1
          }
        },
        "type": "if",
        "locations": [
          {
            "start": {
              "line": 5,
              "column": 0
            },
            "end": {
              "line": 15,
              "column": 1
            }
          },
          {
            "start": {},
            "end": {}
          }
        ],
        "line": 5
      },
      "1": {
        "loc": {
          "start": {
            "line": 6,
            "column": 2
          },
          "end": {
            "line": 8,
            "column": 3
          }
        },
        "type": "if",
        "locations": [
          {
            "start": {
              "line": 6,
              "column": 2
            },
            "end": {
              "line": 8,
              "column": 3
            }
          },
          {
            "start": {},
            "end": {}
          }
        ],
        "line": 6
      },
      "2": {
        "loc": {
          "start": {
            "line": 22,
            "column": 2
          },
          "end": {
            "line": 22,
            "column": 25
          }
        },
        "type": "default-arg",
        "locations": [
          {
            "start": {
              "line": 22,
              "column": 16
            },
            "end": {
              "line": 22,
              "column": 25
            }
          }
        ],
        "line": 22
      },
      "3": {
        "loc": {
          "start": {
            "line": 26,
            "column": 15
          },
          "end": {
            "line": 43,
            "column": 10
          }
        },
        "type": "binary-expr",
        "locations": [
          {
            "start": {
              "line": 26,
              "column": 15
            },
            "end": {
              "line": 26,
              "column": 22
            }
          },
          {
            "start": {
              "line": 26,
              "column": 42
            },
            "end": {
              "line": 43,
              "column": 10
            }
          }
        ],
        "line": 26
      },
      "4": {
        "loc": {
          "start": {
            "line": 53,
            "column": 0
          },
          "end": {
            "line": 69,
            "column": 1
          }
        },
        "type": "if",
        "locations": [
          {
            "start": {
              "line": 53,
              "column": 0
            },
            "end": {
              "line": 69,
              "column": 1
            }
          },
          {
            "start": {},
            "end": {}
          }
        ],
        "line": 53
      },
      "5": {
        "loc": {
          "start": {
            "line": 62,
            "column": 6
          },
          "end": {
            "line": 63,
            "column": 15
          }
        },
        "type": "if",
        "locations": [
          {
            "start": {
              "line": 62,
              "column": 6
            },
            "end": {
              "line": 63,
              "column": 15
            }
          },
          {
            "start": {},
            "end": {}
          }
        ],
        "line": 62
      },
      "6": {
        "loc": {
          "start": {
            "line": 65,
            "column": 6
          },
          "end": {
            "line": 66,
            "column": 54
          }
        },
        "type": "if",
        "locations": [
          {
            "start": {
              "line": 65,
              "column": 6
            },
            "end": {
              "line": 66,
              "column": 54
            }
          },
          {
            "start": {},
            "end": {}
          }
        ],
        "line": 65
      }
    },
    "s": {
      "0": 16,
      "1": 16,
      "2": 0,
      "3": 16,
      "4": 16,
      "5": 16,
      "6": 16,
      "7": 16,
      "8": 16,
      "9": 4,
      "10": 0,
      "11": 0,
      "12": 16,
      "13": 16,
      "14": 16,
      "15": 16,
      "16": 16,
      "17": 16,
      "18": 10,
      "19": 10,
      "20": 0,
      "21": 0,
      "22": 0,
      "23": 0,
      "24": 0
    },
    "f": {
      "0": 16,
      "1": 4,
      "2": 0,
      "3": 0,
      "4": 10,
      "5": 0
    },
    "b": {
      "0": [
        16,
        0
      ],
      "1": [
        0,
        16
      ],
      "2": [
        0
      ],
      "3": [
        4,
        4
      ],
      "4": [
        16,
        0
      ],
      "5": [
        0,
        0
      ],
      "6": [
        0,
        0
      ]
    },
    "inputSourceMap": {
      "version": 3,
      "mappings": "AAgCY;AAhCZ,OAAOA,oBAAmB;AAAO;AAAA;AAAA;AAAA;AAAA;AAAA;AAAA;AAAA;AAAA;AAAA;AAAA;AAAA;AAAA;AACjC,OAAOC,QAAQ;AAUf,MAAMC,UAAqBA,CAAC;AAAA,EAC1BC;AAAAA,EACAC;AAAAA,EACAC;AAAAA,EACAC;AAAAA,EACAC,cAAc;AAChB,MAAM;AACJ,SACE,uBAAC,SACC,SAAS,MAAM;AACbJ,uBAAkB;AAAA,EACpB,GAECC,qBACC,uBAAC,SAAI,WAAWH,GAAGO,YACjB,iCAAC,SACC,WAAWP,GAAGQ,WACd,SAAUC,OAAM;AACdA,MAAEC,gBAAe;AAAA,EACnB,GAEA;AAAA,2BAAC,QAAG,WAAWV,GAAGM,WAAW,GAAID,uBAAjC;AAAA;AAAA;AAAA;AAAA,WAA2C;AAAA,IAC1CD;AAAAA,OAPH;AAAA;AAAA;AAAA;AAAA,SAQA,KATF;AAAA;AAAA;AAAA;AAAA,SAUA,KAhBJ;AAAA;AAAA;AAAA;AAAA,SAkBA;AAEJ;AAAEO,KA5BIV;AA8BN,eAAeA;AAAQ;AAAAW",
      "names": [
        "React",
        "cl",
        "MyModal",
        "setModalVisibility",
        "visible",
        "children",
        "modalText",
        "messageType",
        "background",
        "container",
        "e",
        "stopPropagation",
        "_c",
        "$RefreshReg$"
      ],
      "sources": [
        "C:/domains/RollingScopes/src/components/MyModal.tsx"
      ],
      "file": "C:/domains/RollingScopes/src/components/MyModal.tsx"
    },
    "_coverageSchema": "1a1c01bbd47fc00a2c39e90264f33305004495a9",
    "hash": "9a8447744e447689d44f0eff8b67ab8cc911f65f"
  },
  "C:/domains/RollingScopes/src/components/UI/CloseButton/CloseButton.tsx": {
    "path": "C:/domains/RollingScopes/src/components/UI/CloseButton/CloseButton.tsx",
    "statementMap": {
      "0": {
        "start": {
          "line": 5,
          "column": 0
        },
        "end": {
          "line": 15,
          "column": 1
        }
      },
      "1": {
        "start": {
          "line": 6,
          "column": 2
        },
        "end": {
          "line": 8,
          "column": 3
        }
      },
      "2": {
        "start": {
          "line": 7,
          "column": 4
        },
        "end": {
          "line": 7,
          "column": 165
        }
      },
      "3": {
        "start": {
          "line": 9,
          "column": 2
        },
        "end": {
          "line": 9,
          "column": 39
        }
      },
      "4": {
        "start": {
          "line": 10,
          "column": 2
        },
        "end": {
          "line": 10,
          "column": 39
        }
      },
      "5": {
        "start": {
          "line": 11,
          "column": 2
        },
        "end": {
          "line": 13,
          "column": 4
        }
      },
      "6": {
        "start": {
          "line": 12,
          "column": 4
        },
        "end": {
          "line": 12,
          "column": 114
        }
      },
      "7": {
        "start": {
          "line": 14,
          "column": 2
        },
        "end": {
          "line": 14,
          "column": 75
        }
      },
      "8": {
        "start": {
          "line": 18,
          "column": 2
        },
        "end": {
          "line": 33,
          "column": 11
        }
      },
      "9": {
        "start": {
          "line": 35,
          "column": 0
        },
        "end": {
          "line": 35,
          "column": 17
        }
      },
      "10": {
        "start": {
          "line": 38,
          "column": 0
        },
        "end": {
          "line": 38,
          "column": 32
        }
      },
      "11": {
        "start": {
          "line": 39,
          "column": 0
        },
        "end": {
          "line": 55,
          "column": 1
        }
      },
      "12": {
        "start": {
          "line": 40,
          "column": 2
        },
        "end": {
          "line": 40,
          "column": 39
        }
      },
      "13": {
        "start": {
          "line": 41,
          "column": 2
        },
        "end": {
          "line": 41,
          "column": 39
        }
      },
      "14": {
        "start": {
          "line": 42,
          "column": 2
        },
        "end": {
          "line": 54,
          "column": 5
        }
      },
      "15": {
        "start": {
          "line": 46,
          "column": 4
        },
        "end": {
          "line": 46,
          "column": 140
        }
      },
      "16": {
        "start": {
          "line": 47,
          "column": 4
        },
        "end": {
          "line": 53,
          "column": 7
        }
      },
      "17": {
        "start": {
          "line": 48,
          "column": 6
        },
        "end": {
          "line": 49,
          "column": 15
        }
      },
      "18": {
        "start": {
          "line": 49,
          "column": 8
        },
        "end": {
[...]
            "line": 21,
            "column": 3
          }
        },
        "line": 11
      }
    },
    "branchMap": {},
    "s": {
      "0": 16,
      "1": 16,
      "2": 16
    },
    "f": {
      "0": 16,
      "1": 2,
      "2": 16
    },
    "b": {},
    "inputSourceMap": {
      "version": 3,
      "mappings": "AAwBQ;AAxBR,OAAOA,WAAW;AAClB,OAAOC,YAAY;AACnB,OAAOC,QAAQ;AAYR,aAAMC,eAAeH,MAAMI,UAA0C;AAAA,EAC1EC,YAAYC,OAAuB;AACjC,UAAMA,KAAK;AAAA,EACb;AAAA,EAEAC,cAA2BA,MAAY;AAAA,EAAC;AAAA,EAExCC,SAA0B;AACxB,WACE,uBAAC,YAAO,WAAWN,GAAGO,QACpB,iCAAC,UAAO,aAAa,KAAKF,eAA1B;AAAA;AAAA;AAAA;AAAA,WAAsC,KADxC;AAAA;AAAA;AAAA;AAAA,WAEA;AAAA,EAEJ;AACF",
      "names": [
        "React",
        "Navbar",
        "cl",
        "Header",
        "Component",
        "constructor",
        "props",
        "updateTitle",
        "render",
        "header"
      ],
      "sources": [
        "C:/domains/RollingScopes/src/components/Header.tsx"
      ],
      "file": "C:/domains/RollingScopes/src/components/Header.tsx"
    },
    "_coverageSchema": "1a1c01bbd47fc00a2c39e90264f33305004495a9",
    "hash": "e0f341e92335ce20d4d60cabf02005bd5cc3d2dc"
  },
  "C:/domains/RollingScopes/src/App.tsx": {
    "path": "C:/domains/RollingScopes/src/App.tsx",
    "statementMap": {
      "0": {
        "start": {
          "line": 5,
          "column": 0
        },
        "end": {
          "line": 15,
          "column": 1
        }
      },
      "1": {
        "start": {
          "line": 6,
          "column": 2
        },
        "end": {
          "line": 8,
          "column": 3
        }
      },
      "2": {
        "start": {
          "line": 7,
          "column": 4
        },
        "end": {
          "line": 7,
          "column": 165
        }
      },
      "3": {
        "start": {
          "line": 9,
          "column": 2
        },
        "end": {
          "line": 9,
          "column": 39
        }
      },
      "4": {
        "start": {
          "line": 10,
          "column": 2
        },
        "end": {
          "line": 10,
          "column": 39
        }
      },
      "5": {
        "start": {
          "line": 11,
          "column": 2
        },
        "end": {
          "line": 13,
          "column": 4
        }
      },
      "6": {
        "start": {
          "line": 12,
          "column": 4
        },
        "end": {
          "line": 12,
          "column": 80
        }
      },
      "7": {
        "start": {
          "line": 14,
          "column": 2
        },
        "end": {
          "line": 14,
          "column": 75
        }
      },
      "8": {
        "start": {
          "line": 21,
          "column": 2
        },
        "end": {
          "line": 36,
          "column": 11
        }
      },
      "9": {
        "start": {
          "line": 38,
          "column": 0
        },
        "end": {
          "line": 38,
          "column": 9
        }
      },
      "10": {
        "start": {
          "line": 40,
          "column": 2
        },
        "end": {
          "line": 48,
          "column": 11
        }
      },
      "11": {
        "start": {
          "line": 50,
          "column": 0
        },
        "end": {
          "line": 50,
          "column": 23
        }
      },
      "12": {
        "start": {
          "line": 53,
          "column": 0
        },
        "end": {
          "line": 53,
          "column": 24
        }
      },
      "13": {
        "start": {
          "line": 54,
          "column": 0
        },
        "end": {
          "line": 54,
          "column": 38
        }
      },
      "14": {
        "start": {
          "line": 55,
          "column": 0
        },
        "end": {
          "line": 71,
          "column": 1
        }
      },
      "15": {
        "start": {
          "line": 56,
          "column": 2
        },
        "end": {
          "line": 56,
          "column": 39
        }
      },
      "16": {
        "start": {
          "line": 57,
          "column": 2
        },
        "end": {
          "line": 57,
          "column": 39
        }
      },
      "17": {
        "start": {
          "line": 58,
          "column": 2
        },
        "end": {
          "line": 70,
          "column": 5
        }
      },
      "18": {
        "start": {
          "line": 62,
          "column": 4
        },
        "end": {
          "line": 62,
          "column": 106
        }
      },
      "19": {
        "start": {
          "line": 63,
          "column": 4
        },
        "end": {
          "line": 69,
          "column": 7
        }
      },
      "20": {
        "start": {
          "line": 64,
          "column": 6
        },
        "end": {
          "line": 65,
          "column": 15
        }
      },
      "21": {
        "start": {
          "line": 65,
          "column": 8
        },
        "end": {
          "line": 65,
          "column": 15
        }
      },
      "22": {
        "start": {
          "line": 66,
          "column": 32
        },
        "end": {
          "line": 66,
          "column": 115
        }
      },
      "23": {
        "start": {
          "line": 67,
          "column": 6
        },
        "end": {
          "line": 68,
          "column": 54
        }
      },
      "24": {
        "start": {
          "line": 68,
          "column": 8
        },
        "end": {
          "line": 68,
          "column": 54
        }
      }
    },
    "fnMap": {
      "0": {
        "name": "(anonymous_0)",
        "decl": {
          "start": {
            "line": 11,
            "column": 24
          },
          "end": {
            "line": 11,
            "column": 25
          }
        },
        "loc": {
          "start": {
            "line": 11,
            "column": 38
          },
          "end": {
            "line": 13,
            "column": 3
          }
        },
        "line": 11
      },
      "1": {
        "name": "App",
        "decl": {
          "start": {
            "line": 20,
            "column": 16
          },
          "end": {
            "line": 20,
            "column": 19
          }
        },
        "loc": {
          "start": {
            "line": 20,
            "column": 22
          },
          "end": {
            "line": 37,
            "column": 1
          }
        },
        "line": 20
      },
      "2": {
        "name": "RouterWrappedApp",
        "decl": {
          "start": {
            "line": 39,
            "column": 16
          },
          "end": {
            "line": 39,
            "column": 32
          }
        },
        "loc": {
          "start": {
            "line": 39,
            "column": 35
          },
          "end": {
            "line": 49,
            "column": 1
          }
        },
        "line": 39
      },
      "3": {
        "name": "(anonymous_3)",
        "decl": {
          "start": {
            "line": 61,
            "column": 9
          },
          "end": {
            "line": 61,
            "column": 10
          }
        },
        "loc": {
          "start": {
            "line": 61,
            "column": 29
          },
          "end": {
            "line": 70,
            "column": 3
          }
        },
        "line": 61
      },
      "4": {
        "name": "(anonymous_4)",
        "decl": {
          "start": {
            "line": 63,
            "column": 27
          },
          "end": {
            "line": 63,
            "column": 28
          }
        },
        "loc": {
          "start": {
            "line": 63,
            "column": 44
          },
          "end": {
            "line": 69,
            "column": 5
          }
        },
        "line": 63
      }
    },
    "branchMap": {
      "0": {
        "loc": {
          "start": {
            "line": 5,
            "column": 0
          },
          "end": {
            "line": 15,
            "column": 1
          }
        },
        "type": "if",
        "locations": [
          {
            "start": {
              "line": 5,
              "column": 0
            },
            "end": {
              "line": 15,
              "column": 1
            }
          },
          {
            "start": {},
            "end": {}
          }
        ],
        "line": 5
      },
      "1": {
        "loc": {
          "start": {
            "line": 6,
            "column": 2
          },
          "end": {
            "line": 8,
            "column": 3
          }
        },
        "type": "if",
        "locations": [
          {
            "start": {
              "line": 6,
              "column": 2
            },
            "end": {
              "line": 8,
              "column": 3
            }
          },
          {
            "start": {},
            "end": {}
          }
        ],
        "line": 6
      },
      "2": {
        "loc": {
          "start": {
            "line": 55,
            "column": 0
          },
          "end": {
            "line": 71,
            "column": 1
          }
        },
        "type": "if",
        "locations": [
          {
            "start": {
              "line": 55,
              "column": 0
            },
            "end": {
              "line": 71,
              "column": 1
            }
          },
          {
            "start": {},
            "end": {}
          }
        ],
        "line": 55
      },
      "3": {
        "loc": {
          "start": {
            "line": 64,
            "column": 6
          },
          "end": {
            "line": 65,
            "column": 15
          }
        },
        "type": "if",
        "locations": [
          {
            "start": {
              "line": 64,
              "column": 6
            },
            "end": {
              "line": 65,
              "column": 15
            }
          },
          {
            "start": {},
            "end": {}
          }
        ],
        "line": 64
      },
      "4": {
        "loc": {
          "start": {
            "line": 67,
            "column": 6
          },
          "end": {
            "line": 68,
            "column": 54
          }
        },
        "type": "if",
        "locations": [
          {
            "start": {
              "line": 67,
              "column": 6
            },
            "end": {
              "line": 68,
              "column": 54
            }
          },
          {
            "start": {},
            "end": {}
          }
        ],
        "line": 67
      }
    },
    "s": {
      "0": 16,
      "1": 16,
      "2": 0,
      "3": 16,
      "4": 16,
      "5": 16,
      "6": 32,
      "7": 16,
      "8": 16,
      "9": 16,
      "10": 0,
      "11": 16,
      "12": 16,
      "13": 16,
      "14": 16,
      "15": 16,
      "16": 16,
      "17": 16,
      "18": 10,
      "19": 10,
      "20": 0,
      "21": 0,
      "22": 0,
      "23": 0,
      "24": 0
    },
    "f": {
      "0": 32,
      "1": 16,
      "2": 0,
      "3": 10,
      "4": 0
    },
    "b": {
      "0": [
        16,
        0
      ],
      "1": [
        0,
        16
      ],
      "2": [
        16,
        0
      ],
      "3": [
        0,
        0
      ],
      "4": [
        0,
        0
      ]
    },
    "inputSourceMap": {
      "version": 3,
      "mappings": "AASI,mBACE,cADF;AATJ,OAAOA,oBAAkB;AAAA;AAAA;AAAA;AAAA;AAAA;AAAA;AAAA;AAAA;AAAA;AAAA;AAAA;AAAA;AAAA;AACzB,OAAOC,eAAe;AACtB,SAASC,cAAc;AAEvB,OAAO;AACP,SAASC,qBAAqB;AAEvB,gBAASC,MAAM;AACpB,SACE,mCACE;AAAA,2BAAC,YAAD;AAAA;AAAA;AAAA;AAAA,WAAO;AAAA,IACP,uBAAC,eAAD;AAAA;AAAA;AAAA;AAAA,WAAU;AAAA,OAFZ;AAAA;AAAA;AAAA;AAAA,SAGA;AAEJ;AAACC,KAPeD;AAST,gBAASE,mBAAmB;AACjC,SACE,uBAAC,iBACC,iCAAC,SAAD;AAAA;AAAA;AAAA;AAAA,SAAI,KADN;AAAA;AAAA;AAAA;AAAA,SAEA;AAEJ;AAACC,MANeD;AAQhB,eAAeA;AAAiB;AAAAE;AAAAA",
      "names": [
        "React",
        "AppRouter",
        "Header",
        "BrowserRouter",
        "App",
        "_c",
        "RouterWrappedApp",
        "_c2",
        "$RefreshReg$"
      ],
      "sources": [
        "C:/domains/RollingScopes/src/App.tsx"
      ],
      "file": "C:/domains/RollingScopes/src/App.tsx"
    },
    "_coverageSchema": "1a1c01bbd47fc00a2c39e90264f33305004495a9",
    "hash": "df7bb5a2de74f359ca8b88bde750e32af6999074"
  },
  "C:/domains/RollingScopes/src/redux/searchResultsSlice.ts": {
    "path": "C:/domains/RollingScopes/src/redux/searchResultsSlice.ts",
    "statementMap": {
      "0": {
        "start": {
          "line": 2,
          "column": 21
        },
        "end": {
          "line": 4,
          "column": 1
        }
      },
      "1": {
        "start": {
          "line": 5,
          "column": 34
        },
        "end": {
          "line": 13,
          "column": 2
        }
      },
      "2": {
        "start": {
          "line": 10,
          "column": 6
        },
        "end": {
          "line": 10,
          "column": 35
        }
      },
      "3": {
        "start": {
          "line": 14,
          "column": 36
        },
        "end": {
          "line": 14,
          "column": 62
        }
      }
    },
    "fnMap": {
      "0": {
        "name": "(anonymous_0)",
        "decl": {
          "start": {
            "line": 9,
            "column": 4
          },
          "end": {
            "line": 9,
            "column": 5
          }
        },
        "loc": {
          "start": {
            "line": 9,
            "column": 36
          },
          "end": {
            "line": 11,
            "column": 5
          }
        },
        "line": 9
      }
    },
    "branchMap": {},
    "s": {
      "0": 16,
      "1": 16,
      "2": 0,
      "3": 16
    },
    "f": {
      "0": 0
    },
    "b": {},
    "inputSourceMap": {
      "version": 3,
      "sources": [
        "C:/domains/RollingScopes/src/redux/searchResultsSlice.ts"
      ],
      "mappings": "AAAA,SAAS,mBAAmB;AAQ5B,MAAM,eAAmC;AAAA,EACvC,OAAO,CAAC;AACV;AAEO,aAAM,qBAAqB,YAAY;AAAA,EAC5C,MAAM;AAAA,EACN;AAAA,EACA,UAAU;AAAA,IACR,iBAAiB,OAAO,QAAwC;AAC9D,YAAM,QAAQ,OAAO;AAAA,IACvB;AAAA,EACF;AACF,CAAC;AAEM,aAAM,EAAE,iBAAiB,IAAI,mBAAmB;AACvD,eAAe,mBAAmB;",
      "names": []
    },
    "_coverageSchema": "1a1c01bbd47fc00a2c39e90264f33305004495a9",
    "hash": "5a7caaa22d6115d0ef315f0ce58b443c468cb7a4"
  },
  "C:/domains/RollingScopes/src/redux/store.ts": {
    "path": "C:/domains/RollingScopes/src/redux/store.ts",
    "statementMap": {
      "0": {
        "start": {
          "line": 7,
          "column": 20
        },
        "end": {
          "line": 12,
          "column": 2
        }
      },
      "1": {
        "start": {
          "line": 13,
          "column": 26
        },
        "end": {
          "line": 17,
          "column": 2
        }
      },
      "2": {
        "start": {
          "line": 13,
          "column": 47
        },
        "end": {
          "line": 17,
          "column": 2
        }
      },
      "3": {
        "start": {
          "line": 16,
          "column": 40
        },
        "end": {
          "line": 16,
          "column": 85
        }
      },
      "4": {
        "start": {
          "line": 18,
          "column": 21
        },
        "end": {
          "line": 18,
          "column": 33
        }
      },
      "5": {
        "start": {
          "line": 19,
          "column": 30
        },
        "end": {
          "line": 19,
          "column": 46
        }
      },
      "6": {
        "start": {
          "line": 20,
          "column": 0
        },
        "end": {
          "line": 20,
          "column": 31
        }
      }
    },
    "fnMap": {
      "0": {
        "name": "(anonymous_0)",
        "decl": {
          "start": {
            "line": 13,
            "column": 26
          },
          "end": {
            "line": 13,
            "column": 27
          }
        },
        "loc": {
          "start": {
            "line": 13,
            "column": 47
          },
          "end": {
            "line": 17,
            "column": 2
          }
        },
        "line": 13
      },
      "1": {
        "name": "(anonymous_1)",
        "decl": {
          "start": {
            "line": 16,
            "column": 14
          },
          "end": {
            "line": 16,
            "column": 15
          }
        },
        "loc": {
          "start": {
            "line": 16,
            "column": 40
          },
          "end": {
            "line": 16,
            "column": 85
          }
        },
        "line": 16
      }
    },
    "branchMap": {},
    "s": {
      "0": 16,
      "1": 16,
      "2": 32,
      "3": 32,
      "4": 16,
      "5": 16,
      "6": 16
    },
    "f": {
      "0": 32,
      "1": 32
    },
    "b": {},
    "inputSourceMap": {
      "version": 3,
      "sources": [
        "C:/domains/RollingScopes/src/redux/store.ts"
      ],
      "mappings": "AAAA,SAAS,iBAAiB,sBAAsC;AAChE,SAAS,sBAAsB;AAC/B,OAAO,mBAAmB;AAC1B,OAAO,0BAA0B;AACjC,OAAO,iBAAiB;AACxB,SAAS,WAAW;AAEpB,MAAM,cAAc,gBAAgB;AAAA,EAClC,QAAQ;AAAA,EACR,eAAe;AAAA,EACf,MAAM;AAAA,EACN,CAAC,IAAI,WAAW,GAAG,IAAI;AACzB,CAAC;AAEM,aAAM,aAAa,CAACA,oBACzB,eAAe;AAAA,EACb,SAAS;AAAA,EACT,gBAAAA;AAAA,EACA,YAAY,CAAC,yBAAyB,qBAAqB,EAAE,OAAO,IAAI,UAAU;AACpF,CAAC;AAEI,aAAM,QAAQ,WAAW;AACzB,aAAM,iBAAiB,MAAM,SAAS;AAE7C,eAAe,MAAM,QAAQ;",
      "names": [
        "preloadedState"
      ]
    },
    "_coverageSchema": "1a1c01bbd47fc00a2c39e90264f33305004495a9",
    "hash": "bd41cfa840a058e6d38da7bfa571aeef1ea7d2da"
  },
  "C:/domains/RollingScopes/src/entry-client.tsx": {
    "path": "C:/domains/RollingScopes/src/entry-client.tsx",
    "statementMap": {
      "0": {
        "start": {
          "line": 8,
          "column": 24
        },
        "end": {
          "line": 8,
          "column": 62
        }
      },
      "1": {
        "start": {
          "line": 9,
          "column": 2
        },
        "end": {
          "line": 9,
          "column": 36
        }
      },
      "2": {
        "start": {
          "line": 10,
          "column": 2
        },
        "end": {
          "line": 22,
          "column": 12
        }
      },
      "3": {
        "start": {
          "line": 24,
          "column": 0
        },
        "end": {
          "line": 24,
          "column": 14
        }
      }
    },
    "fnMap": {
      "0": {
        "name": "entryClient",
        "decl": {
          "start": {
            "line": 7,
            "column": 9
          },
          "end": {
            "line": 7,
            "column": 20
          }
        },
        "loc": {
          "start": {
            "line": 7,
            "column": 23
          },
          "end": {
            "line": 23,
            "column": 1
          }
        },
        "line": 7
      }
    },
    "branchMap": {},
    "s": {
      "0": 16,
      "1": 16,
      "2": 16,
      "3": 16
    },
    "f": {
      "0": 16
    },
    "b": {},
    "inputSourceMap": {
      "version": 3,
      "mappings": "AAqBQ;AArBR,OAAOA,cAAc;AACrB,SAASC,qBAAqB;AAC9B,SAASC,WAAW;AAEpB,SAASC,gBAAgB;AACzB,SAAoBC,kBAAkB;AAStC,SAASC,cAAc;AACrB,QAAMC,gBAAgBF,WAAWG,OAAOC,mBAAmB;AAC3D,SAAOD,OAAOC;AACdR,WAASS,YACPC,SAASC,eAAe,MAAM,GAC9B,uBAAC,iBACC,iCAAC,YAAS,OAAOL,eACf,iCAAC,SAAD;AAAA;AAAA;AAAA;AAAA,SAAI,KADN;AAAA;AAAA;AAAA;AAAA,SAEA,KAHF;AAAA;AAAA;AAAA;AAAA,SAIA,CAAgB;AAEpB;AAEAD,YAAW",
      "names": [
        "ReactDOM",
        "BrowserRouter",
        "App",
        "Provider",
        "setupStore",
        "entryClient",
        "storeByServer",
        "window",
        "__PRELOADED_STATE__",
        "hydrateRoot",
        "document",
        "getElementById"
      ],
      "sources": [
        "C:/domains/RollingScopes/src/entry-client.tsx"
      ],
      "file": "C:/domains/RollingScopes/src/entry-client.tsx"
    },
    "_coverageSchema": "1a1c01bbd47fc00a2c39e90264f33305004495a9",
    "hash": "966669dbe371f7c842271c1a13fe3de66e17c4dd"
  }
}